<?xml version="1.0" encoding="UTF-8"?>
<!-- Generated by org.testng.reporters.JUnitReportReporter -->
<testsuite hostname="jayavivek" failures="0" tests="2" name="com.IPT_Project.CrossBrowserTesting" time="8.778" errors="0" timestamp="2024-09-17T10:23:16 IST" skipped="0">
  <testcase classname="com.IPT_Project.CrossBrowserTesting" name="chrome" time="2.524"/>
  <system-out/>
  <testcase classname="com.IPT_Project.CrossBrowserTesting" name="edge" time="6.254"/>
  <system-out/>
</testsuite> <!-- com.IPT_Project.CrossBrowserTesting -->
